--- fluxfce Status ---

[Configuration]
  Location:      43.65N, 79.38W
  Timezone:      America/Toronto
  Light Theme:   Arc-Lighter
  Dark Theme:    Materia-dark-compact

[Calculated Sun Times (Today)]
  Sunrise:       2025-06-03 05:37:45-04:00
  Sunset:        2025-06-03 20:52:59-04:00
  Current Period:  Night

[Systemd Scheduling Timers]
  Timer: fluxfce-scheduler.timer
    Status:    Enabled, Active
    Next Run:  Wed 2025-06-04 00:06:06 EDT 1h
    Last Run:  Tue 2025-06-03 14:55:23 EDT
    Activates: fluxfce-scheduler.service
  Timer: fluxfce-sunrise-event.timer
    Status:    Enabled, Active
    Next Run:  Wed 2025-06-04 05:37:20 EDT
    Last Run:  -
    Activates: fluxfce-apply-transition@day.service
  Timer: fluxfce-sunset-event.timer
    Status:    Enabled, Active
    Next Run:  Wed 2025-06-04 20:53:45 EDT
    Last Run:  -
    Activates: fluxfce-apply-transition@night.service

[Systemd Services (Login/Resume/Scheduler)]
  Scheduler Timer State Checker (fluxfce-scheduler.service): Enabled, Inactive
  Login Service (fluxfce-login.service): Enabled, Inactive
  Resume Service (fluxfce-resume.service): Enabled, Inactive
  (For detailed logs/status, use 'systemctl --user status ...' or 'journalctl --user -u ...')
-------------------------
Disabling scheduling (systemd timers)...
Automatic theme scheduling disabled (main scheduler & dynamic event timers stopped/removed).
Forcing Day mode...
Day mode applied. Automatic scheduling (systemd timers) disabled.
Forcing Night mode...
Night mode applied. Automatic scheduling (systemd timers) disabled.
--- fluxfce Status ---

[Configuration]
  Location:      43.65N, 79.38W
  Timezone:      America/Toronto
  Light Theme:   Arc-Lighter
  Dark Theme:    Materia-dark-compact

[Calculated Sun Times (Today)]
  Sunrise:       2025-06-03 05:37:45-04:00
  Sunset:        2025-06-03 20:52:59-04:00
  Current Period:  Night

[Systemd Scheduling Timers]
  Status: No relevant fluxfce timers found or listed by systemctl.
  Overall Status: Scheduling may be disabled or timers not active.
  (Run 'fluxfce enable' to enable automatic scheduling)

[Systemd Services (Login/Resume/Scheduler)]
  Scheduler Timer State Checker (fluxfce-scheduler.service): Enabled, Inactive
  Login Service (fluxfce-login.service): Enabled, Inactive
  Resume Service (fluxfce-resume.service): Enabled, Inactive
  (For detailed logs/status, use 'systemctl --user status ...' or 'journalctl --user -u ...')
-------------------------
Enabling scheduling via systemd timers...
Automatic theme scheduling enabled using systemd timers.
Run 'fluxfce status' to see scheduled timers.
Disabling scheduling (systemd timers)...
Automatic theme scheduling disabled (main scheduler & dynamic event timers stopped/removed).
Forcing Day mode...
Day mode applied. Automatic scheduling (systemd timers) disabled.
Enabling scheduling via systemd timers...
Automatic theme scheduling enabled using systemd timers.
Run 'fluxfce status' to see scheduled timers.
