Jun 28 03:09:06 llamabox kernel: PM: suspend entry (deep)
Jun 28 03:09:06 llamabox kernel: Filesystems sync: 0.005 seconds
Jun 28 13:57:32 llamabox kernel: Freezing user space processes
Jun 28 13:57:32 llamabox kernel: Freezing user space processes completed (elapsed 0.001 seconds)
Jun 28 13:57:32 llamabox kernel: OOM killer disabled.
Jun 28 13:57:32 llamabox kernel: Freezing remaining freezable tasks
Jun 28 13:57:32 llamabox kernel: Freezing remaining freezable tasks completed (elapsed 0.000 seconds)
Jun 28 13:57:32 llamabox kernel: printk: Suspending console(s) (use no_console_suspend to debug)
Jun 28 13:57:32 llamabox kernel: serial 00:01: disabled
Jun 28 13:57:32 llamabox kernel: e1000e: EEE TX LPI TIMER: 00000011
Jun 28 13:57:32 llamabox kernel: sd 2:0:0:0: [sda] Synchronizing SCSI cache
Jun 28 13:57:32 llamabox kernel: ata3.00: Entering standby power mode
Jun 28 13:57:32 llamabox kernel: ACPI: EC: interrupt blocked
Jun 28 13:57:32 llamabox kernel: ACPI: PM: Preparing to enter system sleep state S3
Jun 28 13:57:32 llamabox kernel: ACPI: EC: event blocked
Jun 28 13:57:32 llamabox kernel: ACPI: EC: EC stopped
Jun 28 13:57:32 llamabox kernel: ACPI: PM: Saving platform NVS memory
Jun 28 13:57:32 llamabox kernel: Disabling non-boot CPUs ...
Jun 28 13:57:32 llamabox kernel: smpboot: CPU 1 is now offline
Jun 28 13:57:32 llamabox kernel: smpboot: CPU 2 is now offline
Jun 28 13:57:32 llamabox kernel: smpboot: CPU 3 is now offline
Jun 28 13:57:32 llamabox kernel: ACPI: PM: Low-level resume complete
Jun 28 13:57:32 llamabox kernel: ACPI: EC: EC started
Jun 28 13:57:32 llamabox kernel: ACPI: PM: Restoring platform NVS memory
Jun 28 13:57:32 llamabox kernel: Enabling non-boot CPUs ...
Jun 28 13:57:32 llamabox kernel: smpboot: Booting Node 0 Processor 1 APIC 0x2
Jun 28 13:57:32 llamabox kernel: CPU1 is up
Jun 28 13:57:32 llamabox kernel: smpboot: Booting Node 0 Processor 2 APIC 0x4
Jun 28 13:57:32 llamabox kernel: CPU2 is up
Jun 28 13:57:32 llamabox kernel: smpboot: Booting Node 0 Processor 3 APIC 0x6
Jun 28 13:57:32 llamabox kernel: CPU3 is up
Jun 28 13:57:32 llamabox kernel: ACPI: PM: Waking up from system sleep state S3
Jun 28 13:57:32 llamabox kernel: ACPI: EC: interrupt unblocked
Jun 28 13:57:32 llamabox kernel: ACPI: EC: event unblocked
Jun 28 13:57:32 llamabox kernel: serial 00:01: activated
Jun 28 13:57:32 llamabox kernel: nvme nvme0: 4/0/0 default/read/poll queues
Jun 28 13:57:32 llamabox kernel: ata1: SATA link down (SStatus 4 SControl 300)
Jun 28 13:57:32 llamabox kernel: ata4: SATA link down (SStatus 4 SControl 300)
Jun 28 13:57:32 llamabox kernel: ata6: SATA link down (SStatus 4 SControl 300)
Jun 28 13:57:32 llamabox kernel: ata5: SATA link down (SStatus 4 SControl 300)
Jun 28 13:57:32 llamabox kernel: ata2: SATA link down (SStatus 4 SControl 300)
Jun 28 13:57:32 llamabox kernel: ata3: SATA link up 6.0 Gbps (SStatus 133 SControl 300)
Jun 28 13:57:32 llamabox kernel: ata3.00: ACPI cmd f5/00:00:00:00:00:00(SECURITY FREEZE LOCK) filtered out
Jun 28 13:57:32 llamabox kernel: ata3.00: ACPI cmd b1/c1:00:00:00:00:00(DEVICE CONFIGURATION OVERLAY) filtered out
Jun 28 13:57:32 llamabox kernel: ata3.00: supports DRM functions and may not be fully accessible
Jun 28 13:57:32 llamabox kernel: sd 2:0:0:0: [sda] Starting disk
Jun 28 13:57:32 llamabox kernel: ata3.00: ACPI cmd f5/00:00:00:00:00:00(SECURITY FREEZE LOCK) filtered out
Jun 28 13:57:32 llamabox kernel: ata3.00: ACPI cmd b1/c1:00:00:00:00:00(DEVICE CONFIGURATION OVERLAY) filtered out
Jun 28 13:57:32 llamabox kernel: ata3.00: supports DRM functions and may not be fully accessible
Jun 28 13:57:32 llamabox kernel: ata3.00: configured for UDMA/133
Jun 28 13:57:32 llamabox kernel: ata3.00: Enabling discard_zeroes_data
Jun 28 13:57:32 llamabox kernel: OOM killer enabled.
Jun 28 13:57:32 llamabox systemd-resolved[631]: Clock change detected. Flushing caches.
Jun 28 13:57:32 llamabox systemd[1042]: Starting fluxfce-apply-transition@day.service - fluxfce: Apply day Mode Transition...
Jun 28 13:57:32 llamabox kernel: Restarting tasks ... done.
Jun 28 13:57:32 llamabox kernel: random: crng reseeded on system resumption
Jun 28 13:57:32 llamabox kernel: PM: suspend exit
Jun 28 13:57:32 llamabox systemd-sleep[156858]: System returned from sleep operation 'suspend'.
Jun 28 13:57:32 llamabox systemd[1]: Started anacron.service - Run anacron jobs.
Jun 28 13:57:32 llamabox systemd[1]: Starting apt-daily-upgrade.service - Daily apt upgrade and clean activities...
Jun 28 13:57:32 llamabox dbus-daemon[1219]: [session uid=1000 pid=1219] Activating service name='org.xfce.Xfconf' requested by ':1.1477' (uid=1000 pid=66807 comm="/usr/lib/x86_64-linux-gnu/xfce4/notifyd/xfce4-noti" label="unconfined")
Jun 28 13:57:32 llamabox systemd[1]: Starting fwupd-refresh.service - Refresh fwupd metadata and update motd...
Jun 28 13:57:32 llamabox systemd[1]: Starting motd-news.service - Message of the Day...
Jun 28 13:57:32 llamabox anacron[156941]: Anacron 2.3 started on 2025-06-28
Jun 28 13:57:32 llamabox systemd[1]: Starting plocate-updatedb.service - Update the plocate database...
Jun 28 13:57:32 llamabox anacron[156941]: Will run job `cron.daily' in 5 min.
Jun 28 13:57:32 llamabox systemd[1]: Starting man-db.service - Daily man-db regeneration...
Jun 28 13:57:32 llamabox anacron[156941]: Will run job `restic_backup' in 10 min.
Jun 28 13:57:32 llamabox systemd[1]: motd-news.service: Deactivated successfully.
Jun 28 13:57:32 llamabox anacron[156941]: Jobs will be executed sequentially
Jun 28 13:57:32 llamabox systemd[1]: Finished motd-news.service - Message of the Day.
Jun 28 13:57:32 llamabox dbus-daemon[1219]: [session uid=1000 pid=1219] Successfully activated service 'org.xfce.Xfconf'
Jun 28 13:57:32 llamabox fwupd[8333]: 17:57:32.626 FuPluginIntelMe      failed to get public key using /fpf/OemCred: generic failure [0xb]
Jun 28 13:57:32 llamabox systemd[1]: fwupd-refresh.service: Deactivated successfully.
Jun 28 13:57:32 llamabox systemd[1]: Finished fwupd-refresh.service - Refresh fwupd metadata and update motd.
Jun 28 13:57:32 llamabox tailscaled[1020]: monitor: [unexpected] network state changed, but stringification didn't: interfaces.State{defaultRoute=enp0s31f6 ifs={enp0s31f6:[192.168.2.10/24] virbr0:[192.168.122.1/24]} v4=true v6=false}
Jun 28 13:57:32 llamabox tailscaled[1020]: monitor: [unexpected] old: {"InterfaceIPs":{"enp0s31f6":["192.168.2.10/24"],"lo":["127.0.0.1/8"],"tailscale0":null,"virbr0":["192.168.122.1/24"]},"Interface":{"enp0s31f6":{"Index":2,"MTU":1500,>
Jun 28 13:57:32 llamabox tailscaled[1020]: monitor: [unexpected] new: {"InterfaceIPs":{"enp0s31f6":["192.168.2.10/24"],"lo":["127.0.0.1/8"],"tailscale0":null,"virbr0":["192.168.122.1/24"]},"Interface":{"enp0s31f6":{"Index":2,"MTU":1500,>
Jun 28 13:57:32 llamabox tailscaled[1020]: LinkChange: major, rebinding. New state: interfaces.State{defaultRoute=enp0s31f6 ifs={enp0s31f6:[192.168.2.10/24] virbr0:[192.168.122.1/24]} v4=true v6=false}
Jun 28 13:57:32 llamabox tailscaled[1020]: dns: Set: {DefaultResolvers:[] Routes:{} SearchDomains:[] Hosts:0}
Jun 28 13:57:32 llamabox tailscaled[1020]: dns: Resolvercfg: {Routes:{} Hosts:0 LocalDomains:[]}
Jun 28 13:57:32 llamabox tailscaled[1020]: dns: OScfg: {}
Jun 28 13:57:32 llamabox tailscaled[1020]: linkChange: in state Stopped; updating LAN routes
Jun 28 13:57:32 llamabox tailscaled[1020]: health(warnable=no-derp-connection): ok
Jun 28 13:57:32 llamabox systemd-resolved[631]: Flushed all caches.
Jun 28 13:57:32 llamabox tailscaled[1020]: wgengine: set DNS config again after major link change
Jun 28 13:57:32 llamabox tailscaled[1020]: onPortUpdate(port=41641, network=udp6)
Jun 28 13:57:32 llamabox tailscaled[1020]: onPortUpdate(port=41641, network=udp4)
Jun 28 13:57:32 llamabox tailscaled[1020]: Rebind; defIf="enp0s31f6", ips=[192.168.2.10/24]
Jun 28 13:57:32 llamabox tailscaled[1020]: magicsock: 0 active derp conns
Jun 28 13:57:32 llamabox tailscaled[1020]: magicsock: ReSTUN("link-change-major") ignored; stopped, no private key
Jun 28 13:57:33 llamabox systemd[1]: man-db.service: Deactivated successfully.
Jun 28 13:57:33 llamabox systemd[1]: Finished man-db.service - Daily man-db regeneration.
Jun 28 13:57:33 llamabox tailscaled[1020]: control: controlhttp: forcing port 443 dial due to recent noise dial
Jun 28 13:57:33 llamabox systemd[1]: systemd-suspend.service: Deactivated successfully.
Jun 28 13:57:33 llamabox systemd[1]: Finished systemd-suspend.service - System Suspend.
Jun 28 13:57:33 llamabox systemd[1]: Stopped target sleep.target - Sleep.
Jun 28 13:57:33 llamabox systemd[1]: Reached target suspend.target - Suspend.
Jun 28 13:57:33 llamabox systemd-logind[793]: Operation 'suspend' finished.
Jun 28 13:57:33 llamabox NetworkManager[823]: <info>  [1751133453.3230] manager: sleep: wake requested (sleeping: yes  enabled: yes)
Jun 28 13:57:33 llamabox NetworkManager[823]: <info>  [1751133453.3231] device (enp0s31f6): state change: activated -> unmanaged (reason 'sleeping', sys-iface-state: 'managed')
Jun 28 13:57:33 llamabox NetworkManager[823]: <info>  [1751133453.3231] dhcp4 (enp0s31f6): canceled DHCP transaction
Jun 28 13:57:33 llamabox NetworkManager[823]: <info>  [1751133453.3231] dhcp4 (enp0s31f6): activation: beginning transaction (timeout in 45 seconds)
Jun 28 13:57:33 llamabox NetworkManager[823]: <info>  [1751133453.3231] dhcp4 (enp0s31f6): state changed no lease
Jun 28 13:57:33 llamabox avahi-daemon[757]: Withdrawing address record for 192.168.2.10 on enp0s31f6.
Jun 28 13:57:33 llamabox avahi-daemon[757]: Leaving mDNS multicast group on interface enp0s31f6.IPv4 with address 192.168.2.10.
Jun 28 13:57:33 llamabox tailscaled[1020]: monitor: RTM_DELROUTE: src=192.168.2.10/0, dst=192.168.2.255/32, gw=, outif=2, table=255
Jun 28 13:57:33 llamabox tailscaled[1020]: monitor: RTM_DELROUTE: src=192.168.2.10/0, dst=192.168.2.10/32, gw=, outif=2, table=255
Jun 28 13:57:33 llamabox tailscaled[1020]: monitor: RTM_DELROUTE: src=192.168.2.10/0, dst=192.168.2.0/24, gw=, outif=2, table=254
Jun 28 13:57:33 llamabox systemd[1]: Starting grub-common.service - Record successful boot for GRUB...
Jun 28 13:57:33 llamabox avahi-daemon[757]: Interface enp0s31f6.IPv4 no longer relevant for mDNS.
Jun 28 13:57:33 llamabox ModemManager[928]: <msg> [sleep-monitor-systemd] system is resuming
Jun 28 13:57:33 llamabox tailscaled[1020]: monitor: RTM_DELROUTE: src=192.168.2.10/0, dst=, gw=192.168.2.1, outif=2, table=254
Jun 28 13:57:33 llamabox tailscaled[1020]: linkChange: in state Stopped; updating LAN routes
Jun 28 13:57:33 llamabox tailscaled[1020]: tsdial: closing system connection 192.168.2.10:42234->3.69.76.60:443 due to link change
Jun 28 13:57:33 llamabox systemd[1]: Starting nvidia-resume.service - NVIDIA system resume actions...
Jun 28 13:57:33 llamabox dbus-daemon[759]: [system] Activating via systemd: service name='org.freedesktop.nm_dispatcher' unit='dbus-org.freedesktop.nm-dispatcher.service' requested by ':1.11' (uid=0 pid=823 comm="/usr/sbin/NetworkManage>
Jun 28 13:57:33 llamabox tailscaled[1020]: LinkChange: major, rebinding. New state: interfaces.State{defaultRoute= ifs={virbr0:[192.168.122.1/24]} v4=true v6=false}
Jun 28 13:57:33 llamabox tailscaled[1020]: dns: Set: {DefaultResolvers:[] Routes:{} SearchDomains:[] Hosts:0}
Jun 28 13:57:33 llamabox tailscaled[1020]: dns: Resolvercfg: {Routes:{} Hosts:0 LocalDomains:[]}
Jun 28 13:57:33 llamabox tailscaled[1020]: dns: OScfg: {}
Jun 28 13:57:33 llamabox tailscaled[1020]: health(warnable=no-derp-connection): ok
Jun 28 13:57:33 llamabox systemd[1]: Stopped target suspend.target - Suspend.
Jun 28 13:57:33 llamabox systemd[1]: Starting NetworkManager-dispatcher.service - Network Manager Script Dispatcher Service...
Jun 28 13:57:33 llamabox suspend[157128]: nvidia-resume.service
Jun 28 13:57:33 llamabox logger[157128]: <13>Jun 28 13:57:33 suspend: nvidia-resume.service
Jun 28 13:57:33 llamabox systemd-resolved[631]: enp0s31f6: Bus client set default route setting: no
Jun 28 13:57:33 llamabox NetworkManager[823]: <info>  [1751133453.3459] manager: NetworkManager state is now CONNECTED_GLOBAL
Jun 28 13:57:33 llamabox systemd[1]: nvidia-resume.service: Deactivated successfully.
Jun 28 13:57:33 llamabox systemd[1]: Finished nvidia-resume.service - NVIDIA system resume actions.
Jun 28 13:57:33 llamabox systemd-resolved[631]: enp0s31f6: Bus client reset DNS server list.
Jun 28 13:57:33 llamabox systemd[1]: Started NetworkManager-dispatcher.service - Network Manager Script Dispatcher Service.
Jun 28 13:57:33 llamabox dbus-daemon[759]: [system] Successfully activated service 'org.freedesktop.nm_dispatcher'
Jun 28 13:57:33 llamabox systemd-resolved[631]: Flushed all caches.
Jun 28 13:57:33 llamabox tailscaled[1020]: wgengine: set DNS config again after major link change
Jun 28 13:57:33 llamabox tailscaled[1020]: onPortUpdate(port=41641, network=udp6)
Jun 28 13:57:33 llamabox tailscaled[1020]: onPortUpdate(port=41641, network=udp4)
Jun 28 13:57:33 llamabox tailscaled[1020]: Rebind; defIf="", ips=[]
Jun 28 13:57:33 llamabox tailscaled[1020]: magicsock: ReSTUN("link-change-major") ignored; stopped, no private key
Jun 28 13:57:33 llamabox systemd[1]: grub-common.service: Deactivated successfully.
Jun 28 13:57:33 llamabox systemd[1]: Finished grub-common.service - Record successful boot for GRUB.
Jun 28 13:57:33 llamabox systemd[1]: Starting grub-initrd-fallback.service - GRUB failed boot detection...
Jun 28 13:57:33 llamabox kernel: e1000e 0000:00:1f.6 enp0s31f6: NIC Link is Down
Jun 28 13:57:33 llamabox NetworkManager[823]: <info>  [1751133453.4555] device (enp0s31f6): state change: unmanaged -> unavailable (reason 'managed', sys-iface-state: 'external')
Jun 28 13:57:33 llamabox systemd[1]: grub-initrd-fallback.service: Deactivated successfully.
Jun 28 13:57:33 llamabox systemd[1]: Finished grub-initrd-fallback.service - GRUB failed boot detection.
Jun 28 13:57:33 llamabox NetworkManager[823]: <info>  [1751133453.6739] manager: NetworkManager state is now CONNECTED_LOCAL
Jun 28 13:57:33 llamabox wireplumber[145770]: BlueZ system service is not available
Jun 28 13:57:33 llamabox pipewire[145768]: spa.alsa: hw:1,0p: Channels doesn't match (requested 64, got 2)
Jun 28 13:57:33 llamabox pipewire[145768]: spa.alsa: hw:1,0c: Channels doesn't match (requested 64, got 2)
Jun 28 13:57:33 llamabox pipewire[145768]: spa.alsa: hw:1,0p: Channels doesn't match (requested 64, got 2)
Jun 28 13:57:33 llamabox pipewire[145768]: spa.alsa: hw:1,0p: Channels doesn't match (requested 64, got 2)
Jun 28 13:57:33 llamabox pipewire[145768]: spa.alsa: hw:1,0c: Channels doesn't match (requested 64, got 2)
Jun 28 13:57:33 llamabox pipewire[145768]: spa.alsa: hw:1,0c: Channels doesn't match (requested 64, got 2)
Jun 28 13:57:35 llamabox systemd[1042]: Finished fluxfce-apply-transition@day.service - fluxfce: Apply day Mode Transition.
Jun 28 13:57:35 llamabox systemd[1]: apt-daily-upgrade.service: Deactivated successfully.
Jun 28 13:57:35 llamabox systemd[1]: Finished apt-daily-upgrade.service - Daily apt upgrade and clean activities.
Jun 28 13:57:35 llamabox systemd[1]: apt-daily-upgrade.service: Consumed 1.446s CPU time.
Jun 28 13:57:36 llamabox rtkit-daemon[1252]: Supervising 11 threads of 8 processes of 2 users.
Jun 28 13:57:36 llamabox rtkit-daemon[1252]: Supervising 11 threads of 8 processes of 2 users.
Jun 28 13:57:36 llamabox kernel: e1000e 0000:00:1f.6 enp0s31f6: NIC Link is Up 1000 Mbps Full Duplex, Flow Control: Rx/Tx
Jun 28 13:57:36 llamabox NetworkManager[823]: <info>  [1751133456.5903] device (enp0s31f6): carrier: link connected
Jun 28 13:57:36 llamabox NetworkManager[823]: <info>  [1751133456.5906] device (enp0s31f6): state change: unavailable -> disconnected (reason 'carrier-changed', sys-iface-state: 'managed')
Jun 28 13:57:36 llamabox NetworkManager[823]: <info>  [1751133456.5910] policy: auto-activating connection 'Wired connection 1' (d764938c-aad8-39a9-81c8-9397cfd134b7)
Jun 28 13:57:36 llamabox tailscaled[1020]: monitor: RTM_DELROUTE: src=, dst=ff00::/8, gw=, outif=2, table=255
Jun 28 13:57:36 llamabox tailscaled[1020]: monitor: [unexpected] network state changed, but stringification didn't: interfaces.State{defaultRoute= ifs={virbr0:[192.168.122.1/24]} v4=true v6=false}
Jun 28 13:57:36 llamabox tailscaled[1020]: monitor: [unexpected] old: {"InterfaceIPs":{"enp0s31f6":null,"lo":["127.0.0.1/8"],"tailscale0":null,"virbr0":["192.168.122.1/24"]},"Interface":{"enp0s31f6":{"Index":2,"MTU":1500,"Name":"enp0s31>
Jun 28 13:57:36 llamabox tailscaled[1020]: monitor: [unexpected] new: {"InterfaceIPs":{"enp0s31f6":null,"lo":["127.0.0.1/8"],"tailscale0":null,"virbr0":["192.168.122.1/24"]},"Interface":{"enp0s31f6":{"Index":2,"MTU":1500,"Name":"enp0s31>
Jun 28 13:57:36 llamabox tailscaled[1020]: linkChange: in state Stopped; updating LAN routes
Jun 28 13:57:36 llamabox tailscaled[1020]: LinkChange: major, rebinding. New state: interfaces.State{defaultRoute= ifs={virbr0:[192.168.122.1/24]} v4=true v6=false}
Jun 28 13:57:36 llamabox tailscaled[1020]: dns: Set: {DefaultResolvers:[] Routes:{} SearchDomains:[] Hosts:0}
Jun 28 13:57:36 llamabox tailscaled[1020]: dns: Resolvercfg: {Routes:{} Hosts:0 LocalDomains:[]}
Jun 28 13:57:36 llamabox tailscaled[1020]: dns: OScfg: {}
Jun 28 13:57:36 llamabox tailscaled[1020]: health(warnable=no-derp-connection): ok
Jun 28 13:57:36 llamabox NetworkManager[823]: <info>  [1751133456.5935] device (enp0s31f6): Activation: starting connection 'Wired connection 1' (d764938c-aad8-39a9-81c8-9397cfd134b7)
Jun 28 13:57:36 llamabox NetworkManager[823]: <info>  [1751133456.5936] device (enp0s31f6): state change: disconnected -> prepare (reason 'none', sys-iface-state: 'managed')
Jun 28 13:57:36 llamabox NetworkManager[823]: <info>  [1751133456.5943] manager: NetworkManager state is now CONNECTING
Jun 28 13:57:36 llamabox NetworkManager[823]: <info>  [1751133456.5950] device (enp0s31f6): state change: prepare -> config (reason 'none', sys-iface-state: 'managed')
Jun 28 13:57:36 llamabox NetworkManager[823]: <info>  [1751133456.5954] device (enp0s31f6): state change: config -> ip-config (reason 'none', sys-iface-state: 'managed')
Jun 28 13:57:36 llamabox NetworkManager[823]: <info>  [1751133456.5955] dhcp4 (enp0s31f6): activation: beginning transaction (timeout in 45 seconds)
Jun 28 13:57:36 llamabox tailscaled[1020]: monitor: RTM_DELROUTE: src=, dst=ff00::/8, gw=, outif=2, table=255
Jun 28 13:57:36 llamabox systemd-resolved[631]: enp0s31f6: Bus client set default route setting: yes
Jun 28 13:57:36 llamabox systemd-resolved[631]: enp0s31f6: Bus client set DNS server list to: 103.86.96.100
Jun 28 13:57:36 llamabox systemd-resolved[631]: Flushed all caches.
Jun 28 13:57:36 llamabox tailscaled[1020]: wgengine: set DNS config again after major link change
Jun 28 13:57:36 llamabox tailscaled[1020]: onPortUpdate(port=41641, network=udp6)
Jun 28 13:57:36 llamabox tailscaled[1020]: onPortUpdate(port=41641, network=udp4)
Jun 28 13:57:36 llamabox tailscaled[1020]: [RATELIMIT] format("onPortUpdate(port=%v, network=%s)")
Jun 28 13:57:36 llamabox tailscaled[1020]: Rebind; defIf="", ips=[]
Jun 28 13:57:36 llamabox tailscaled[1020]: magicsock: ReSTUN("link-change-major") ignored; stopped, no private key
Jun 28 13:57:37 llamabox ModemManager[928]: <msg> [base-manager] couldn't check support for device '/sys/devices/pci0000:00/0000:00:1f.6': not supported by any plugin
Jun 28 13:57:37 llamabox tailscaled[1020]: control: controlhttp: context aborted dialing
Jun 28 13:57:37 llamabox tailscaled[1020]: control: controlhttp: forcing port 443 dial due to recent noise dial
Jun 28 13:57:38 llamabox tailscaled[1020]: health(warnable=no-derp-connection): error: Tailscale could not connect to the 'Toronto' relay server. Your Internet connection might be down, or the server might be temporarily unavailable.
Jun 28 13:57:41 llamabox tailscaled[1020]: control: controlhttp: context aborted dialing
Jun 28 13:57:41 llamabox lightdm[145858]: gkr-pam: unable to locate daemon control file
Jun 28 13:57:41 llamabox lightdm[145858]: gkr-pam: stashed password to try later in open session
Jun 28 13:57:42 llamabox systemd[1]: Stopping session-c13.scope - Session c13 of User lightdm...
